<?xml version="1.0" encoding="UTF-8"?>
<!-- Generated by org.testng.reporters.JUnitReportReporter -->
<testsuite hostname="DESKTOP-G4SFOP7" failures="0" tests="1" name="AuthenticationTestSuit.RegistrationTest" time="11.187" errors="0" timestamp="2022-08-25T13:03:05 IDT" skipped="0">
  <testcase classname="AuthenticationTestSuit.RegistrationTest" name="succeedRegistrationTest" time="11.187"/>
  <system-out/>
</testsuite> <!-- AuthenticationTestSuit.RegistrationTest -->
