<?xml version="1.0" encoding="UTF-8"?>
<!-- Generated by org.testng.reporters.JUnitReportReporter -->
<testsuite hostname="DESKTOP-SHILAT" failures="0" tests="1" name="AuthenticationTestSuit.LoginTest" time="17.649" errors="0" timestamp="2022-08-25T11:17:15 IDT" skipped="0">
  <testcase classname="AuthenticationTestSuit.LoginTest" name="illegalEmailTest" time="17.649"/>
  <system-out/>
</testsuite> <!-- AuthenticationTestSuit.LoginTest -->
