<?xml version="1.0" encoding="UTF-8"?>
<!-- Generated by org.testng.reporters.JUnitReportReporter -->
<testsuite hostname="DESKTOP-SHILAT" failures="0" tests="1" name="SearchTestsSuit.SearchTest" time="30.775" errors="0" timestamp="2022-08-25T10:49:02 IDT" skipped="0">
  <testcase classname="SearchTestsSuit.SearchTest" name="enteringInvalidKeyword" time="30.775"/>
  <system-out/>
</testsuite> <!-- SearchTestsSuit.SearchTest -->
