<?xml version="1.0" encoding="UTF-8"?>
<!-- Generated by org.testng.reporters.JUnitReportReporter -->
<testsuite hostname="DESKTOP-G4SFOP7" failures="0" tests="2" name="Tests.LoginTest" time="30.574" errors="0" timestamp="2022-09-01T11:22:09 IDT" skipped="0">
  <testcase classname="Tests.LoginTest" name="succeedLoginTest" time="15.746"/>
  <system-out/>
  <testcase classname="Tests.LoginTest" name="illegalEmailTest" time="14.828"/>
  <system-out/>
</testsuite> <!-- Tests.LoginTest -->
