<?xml version="1.0" encoding="UTF-8"?>
<!-- Generated by org.testng.reporters.JUnitReportReporter -->
<testsuite hostname="DESKTOP-G4SFOP7" failures="0" tests="2" name="Tests.addToCart" time="42.733" errors="0" timestamp="2022-08-30T09:52:15 IDT" skipped="0">
  <testcase classname="Tests.addToCart" name="addToCartDress" time="42.722"/>
  <system-out/>
  <testcase classname="Tests.addToCart" name="checkCostToDelivery" time="0.011"/>
  <system-out/>
</testsuite> <!-- Tests.addToCart -->
