<?xml version="1.0" encoding="UTF-8"?>
<!-- Generated by org.testng.reporters.JUnitReportReporter -->
<testsuite hostname="DESKTOP-G4SFOP7" failures="0" tests="2" name="Tests.SearchTest" time="26.231" errors="0" timestamp="2022-08-28T22:46:17 IDT" skipped="0">
  <testcase classname="Tests.SearchTest" name="addToCartDress" time="26.222"/>
  <system-out/>
  <testcase classname="Tests.SearchTest" name="checkCostToDelivery" time="0.009"/>
  <system-out/>
</testsuite> <!-- Tests.SearchTest -->
