<?xml version="1.0" encoding="UTF-8"?>
<!-- Generated by org.testng.reporters.JUnitReportReporter -->
<testsuite hostname="DESKTOP-G4SFOP7" failures="0" tests="2" name="SearchTestsSuit.SearchTest" time="45.332" errors="0" timestamp="2022-08-28T19:19:39 IDT" skipped="0">
  <testcase classname="SearchTestsSuit.SearchTest" name="searchWomanTshirt" time="45.325"/>
  <system-out/>
  <testcase classname="SearchTestsSuit.SearchTest" name="checkCostToDelivery" time="0.007"/>
  <system-out/>
</testsuite> <!-- SearchTestsSuit.SearchTest -->
