<?xml version="1.0" encoding="UTF-8"?>
<!-- Generated by org.testng.reporters.JUnitReportReporter -->
<testsuite hostname="DESKTOP-G4SFOP7" failures="0" tests="1" name="Tests.checkListCategoryTest" time="9.978" errors="0" timestamp="2022-08-30T11:52:28 IDT" skipped="0">
  <testcase classname="Tests.checkListCategoryTest" name="testCaseCategoryNames" time="9.978"/>
  <system-out/>
</testsuite> <!-- Tests.checkListCategoryTest -->
