<?xml version="1.0" encoding="UTF-8"?>
<!-- Generated by org.testng.reporters.JUnitReportReporter -->
<testsuite hostname="DESKTOP-G4SFOP7" failures="0" tests="3" name="Tests.HomePageTest" time="21.755" errors="0" timestamp="2022-09-06T13:37:38 IDT" skipped="0">
  <testcase classname="Tests.HomePageTest" name="testCaseCategoryNames" time="9.300"/>
  <system-out/>
  <testcase classname="Tests.HomePageTest" name="testSearchProduct" time="8.454"/>
  <system-out/>
  <testcase classname="Tests.HomePageTest" name="testEnterShoopingCart" time="4.001"/>
  <system-out/>
</testsuite> <!-- Tests.HomePageTest -->
